<?xml version="1.0" encoding="UTF-8"?>
<!-- Generated by org.testng.reporters.JUnitReportReporter -->
<testsuite hostname="DESKTOP-3J0RF5E" failures="0" tests="1" name="com.inetBankingV1.testcase.testng_rundemo" time="12.795" errors="0" timestamp="08 Mar 2019 09:50:04 GMT" skipped="0">
  <testcase classname="com.inetBankingV1.testcase.testng_rundemo" name="testing" time="12.795"/>
</testsuite> <!-- com.inetBankingV1.testcase.testng_rundemo -->
