<?xml version="1.0" encoding="UTF-8"?>
<!-- Generated by org.testng.reporters.JUnitReportReporter -->
<testsuite hostname="DESKTOP-3J0RF5E" failures="0" tests="1" name="com.inetBankingV1.testcase.TC_LoginTest_001" time="7.089" errors="0" timestamp="20 Mar 2019 21:57:32 GMT" skipped="0">
  <testcase classname="com.inetBankingV1.testcase.TC_LoginTest_001" name="loginTest" time="7.089"/>
</testsuite> <!-- com.inetBankingV1.testcase.TC_LoginTest_001 -->
