<?xml version="1.0" encoding="UTF-8"?>
<!-- Generated by org.testng.reporters.JUnitReportReporter -->
<testsuite hostname="DESKTOP-3J0RF5E" failures="0" tests="1" name="com.inetBankingV1.testcase.TC_AddNewAccount_002" time="12.297" errors="0" timestamp="20 Mar 2019 21:57:32 GMT" skipped="0">
  <testcase classname="com.inetBankingV1.testcase.TC_AddNewAccount_002" name="addingNewAccounts" time="12.297"/>
</testsuite> <!-- com.inetBankingV1.testcase.TC_AddNewAccount_002 -->
