<?xml version="1.0" encoding="UTF-8"?>
<!-- Generated by org.testng.reporters.JUnitReportReporter -->
<testsuite hostname="DESKTOP-3J0RF5E" failures="0" tests="1" name="com.inetBankingV1.testcase.TC_AddNewAccount_002" time="13.224" errors="0" timestamp="21 Mar 2019 21:05:54 GMT" skipped="0">
  <testcase classname="com.inetBankingV1.testcase.TC_AddNewAccount_002" name="addingNewAccounts" time="13.224"/>
</testsuite> <!-- com.inetBankingV1.testcase.TC_AddNewAccount_002 -->
